<?xml version="1.0" encoding="UTF-8"?>
<!-- Generated by org.testng.reporters.JUnitReportReporter -->
<testsuite hostname="Bachking" failures="0" tests="1" name="org.example.AppTest" time="17.459" errors="0" timestamp="2023-04-20T12:40:23 IST" skipped="0">
  <testcase classname="org.example.AppTest" name="googletest" time="17.459"/>
  <system-out/>
</testsuite> <!-- org.example.AppTest -->
